<?xml version="1.0" encoding="UTF-8"?>
<testng-results ignored="0" total="2" passed="2" failed="0" skipped="0">
  <reporter-output>
  </reporter-output>
  <suite started-at="2025-07-26T22:51:53 IST" name="Suite" finished-at="2025-07-26T22:52:07 IST" duration-ms="14777">
    <groups>
      <group name="Master">
        <method signature="TC001_Verify_AccountRegistration.Account_Regi()[pri:0, instance:testCase.TC001_Verify_AccountRegistration@223d2c72]" name="Account_Regi" class="testCase.TC001_Verify_AccountRegistration"/>
        <method signature="TC002_LoginTest.Verify_login_functionality()[pri:0, instance:testCase.TC002_LoginTest@131774fe]" name="Verify_login_functionality" class="testCase.TC002_LoginTest"/>
      </group> <!-- Master -->
      <group name="Sanity">
        <method signature="TC001_Verify_AccountRegistration.Account_Regi()[pri:0, instance:testCase.TC001_Verify_AccountRegistration@223d2c72]" name="Account_Regi" class="testCase.TC001_Verify_AccountRegistration"/>
      </group> <!-- Sanity -->
      <group name="Regression">
        <method signature="TC002_LoginTest.Verify_login_functionality()[pri:0, instance:testCase.TC002_LoginTest@131774fe]" name="Verify_login_functionality" class="testCase.TC002_LoginTest"/>
      </group> <!-- Regression -->
    </groups>
    <test started-at="2025-07-26T22:51:53 IST" name="Test" finished-at="2025-07-26T22:52:07 IST" duration-ms="14777">
      <class name="testCase.TC001_Verify_AccountRegistration">
        <test-method is-config="true" signature="Setup(java.lang.String,java.lang.String)[pri:0, instance:testCase.TC001_Verify_AccountRegistration@223d2c72]" started-at="2025-07-26T22:51:53 IST" name="Setup" finished-at="2025-07-26T22:51:59 IST" duration-ms="5915" status="PASS">
          <params>
            <param index="0">
              <value>
                <![CDATA[windows]]>
              </value>
            </param>
            <param index="1">
              <value>
                <![CDATA[chrome]]>
              </value>
            </param>
          </params>
          <reporter-output>
          </reporter-output>
        </test-method> <!-- Setup -->
        <test-method signature="Account_Regi()[pri:0, instance:testCase.TC001_Verify_AccountRegistration@223d2c72]" started-at="2025-07-26T22:51:59 IST" name="Account_Regi" finished-at="2025-07-26T22:52:01 IST" duration-ms="2636" status="PASS">
          <reporter-output>
          </reporter-output>
        </test-method> <!-- Account_Regi -->
        <test-method is-config="true" signature="tearDown()[pri:0, instance:testCase.TC001_Verify_AccountRegistration@223d2c72]" started-at="2025-07-26T22:52:01 IST" name="tearDown" finished-at="2025-07-26T22:52:02 IST" duration-ms="190" status="PASS">
          <reporter-output>
          </reporter-output>
        </test-method> <!-- tearDown -->
      </class> <!-- testCase.TC001_Verify_AccountRegistration -->
      <class name="testCase.TC002_LoginTest">
        <test-method is-config="true" signature="Setup(java.lang.String,java.lang.String)[pri:0, instance:testCase.TC002_LoginTest@131774fe]" started-at="2025-07-26T22:52:02 IST" name="Setup" finished-at="2025-07-26T22:52:03 IST" duration-ms="1435" status="PASS">
          <params>
            <param index="0">
              <value>
                <![CDATA[windows]]>
              </value>
            </param>
            <param index="1">
              <value>
                <![CDATA[chrome]]>
              </value>
            </param>
          </params>
          <reporter-output>
          </reporter-output>
        </test-method> <!-- Setup -->
        <test-method signature="Verify_login_functionality()[pri:0, instance:testCase.TC002_LoginTest@131774fe]" started-at="2025-07-26T22:52:03 IST" name="Verify_login_functionality" finished-at="2025-07-26T22:52:07 IST" duration-ms="4184" status="PASS">
          <reporter-output>
          </reporter-output>
        </test-method> <!-- Verify_login_functionality -->
        <test-method is-config="true" signature="tearDown()[pri:0, instance:testCase.TC002_LoginTest@131774fe]" started-at="2025-07-26T22:52:07 IST" name="tearDown" finished-at="2025-07-26T22:52:07 IST" duration-ms="147" status="PASS">
          <reporter-output>
          </reporter-output>
        </test-method> <!-- tearDown -->
      </class> <!-- testCase.TC002_LoginTest -->
    </test> <!-- Test -->
  </suite> <!-- Suite -->
</testng-results>
