<?xml version="1.0" encoding="UTF-8"?>
<testng-results ignored="0" total="4" passed="4" failed="0" skipped="0">
  <reporter-output>
  </reporter-output>
  <suite started-at="2025-07-26T13:55:39 IST" name="Suite" finished-at="2025-07-26T13:56:07 IST" duration-ms="27537">
    <groups>
      <group name="Master">
        <method signature="TC001_Verify_AccountRegistration.Account_Regi()[pri:0, instance:testCase.TC001_Verify_AccountRegistration@6ed3ccb2]" name="Account_Regi" class="testCase.TC001_Verify_AccountRegistration"/>
        <method signature="TC002_LoginTest.Verify_login_functionality()[pri:0, instance:testCase.TC002_LoginTest@7c6908d7]" name="Verify_login_functionality" class="testCase.TC002_LoginTest"/>
        <method signature="TC001_Verify_AccountRegistration.Account_Regi()[pri:0, instance:testCase.TC001_Verify_AccountRegistration@609cd4d8]" name="Account_Regi" class="testCase.TC001_Verify_AccountRegistration"/>
        <method signature="TC002_LoginTest.Verify_login_functionality()[pri:0, instance:testCase.TC002_LoginTest@17f7cd29]" name="Verify_login_functionality" class="testCase.TC002_LoginTest"/>
      </group> <!-- Master -->
      <group name="Sanity">
        <method signature="TC001_Verify_AccountRegistration.Account_Regi()[pri:0, instance:testCase.TC001_Verify_AccountRegistration@6ed3ccb2]" name="Account_Regi" class="testCase.TC001_Verify_AccountRegistration"/>
        <method signature="TC001_Verify_AccountRegistration.Account_Regi()[pri:0, instance:testCase.TC001_Verify_AccountRegistration@609cd4d8]" name="Account_Regi" class="testCase.TC001_Verify_AccountRegistration"/>
      </group> <!-- Sanity -->
      <group name="Regression">
        <method signature="TC002_LoginTest.Verify_login_functionality()[pri:0, instance:testCase.TC002_LoginTest@7c6908d7]" name="Verify_login_functionality" class="testCase.TC002_LoginTest"/>
        <method signature="TC002_LoginTest.Verify_login_functionality()[pri:0, instance:testCase.TC002_LoginTest@17f7cd29]" name="Verify_login_functionality" class="testCase.TC002_LoginTest"/>
      </group> <!-- Regression -->
    </groups>
    <test started-at="2025-07-26T13:55:39 IST" name="Test-firefox" finished-at="2025-07-26T13:55:56 IST" duration-ms="17090">
      <class name="testCase.TC001_Verify_AccountRegistration">
        <test-method is-config="true" signature="Setup(java.lang.String,java.lang.String)[pri:0, instance:testCase.TC001_Verify_AccountRegistration@6ed3ccb2]" started-at="2025-07-26T13:55:39 IST" name="Setup" finished-at="2025-07-26T13:55:47 IST" duration-ms="7068" status="PASS">
          <params>
            <param index="0">
              <value>
                <![CDATA[linux]]>
              </value>
            </param>
            <param index="1">
              <value>
                <![CDATA[firefox]]>
              </value>
            </param>
          </params>
          <reporter-output>
          </reporter-output>
        </test-method> <!-- Setup -->
        <test-method signature="Account_Regi()[pri:0, instance:testCase.TC001_Verify_AccountRegistration@6ed3ccb2]" started-at="2025-07-26T13:55:47 IST" name="Account_Regi" finished-at="2025-07-26T13:55:49 IST" duration-ms="2786" status="PASS">
          <reporter-output>
          </reporter-output>
        </test-method> <!-- Account_Regi -->
        <test-method is-config="true" signature="tearDown()[pri:0, instance:testCase.TC001_Verify_AccountRegistration@6ed3ccb2]" started-at="2025-07-26T13:55:49 IST" name="tearDown" finished-at="2025-07-26T13:55:50 IST" duration-ms="844" status="PASS">
          <reporter-output>
          </reporter-output>
        </test-method> <!-- tearDown -->
      </class> <!-- testCase.TC001_Verify_AccountRegistration -->
      <class name="testCase.TC002_LoginTest">
        <test-method is-config="true" signature="Setup(java.lang.String,java.lang.String)[pri:0, instance:testCase.TC002_LoginTest@7c6908d7]" started-at="2025-07-26T13:55:50 IST" name="Setup" finished-at="2025-07-26T13:55:54 IST" duration-ms="3644" status="PASS">
          <params>
            <param index="0">
              <value>
                <![CDATA[linux]]>
              </value>
            </param>
            <param index="1">
              <value>
                <![CDATA[firefox]]>
              </value>
            </param>
          </params>
          <reporter-output>
          </reporter-output>
        </test-method> <!-- Setup -->
        <test-method signature="Verify_login_functionality()[pri:0, instance:testCase.TC002_LoginTest@7c6908d7]" started-at="2025-07-26T13:55:54 IST" name="Verify_login_functionality" finished-at="2025-07-26T13:55:55 IST" duration-ms="1626" status="PASS">
          <reporter-output>
          </reporter-output>
        </test-method> <!-- Verify_login_functionality -->
        <test-method is-config="true" signature="tearDown()[pri:0, instance:testCase.TC002_LoginTest@7c6908d7]" started-at="2025-07-26T13:55:55 IST" name="tearDown" finished-at="2025-07-26T13:55:56 IST" duration-ms="861" status="PASS">
          <reporter-output>
          </reporter-output>
        </test-method> <!-- tearDown -->
      </class> <!-- testCase.TC002_LoginTest -->
    </test> <!-- Test-firefox -->
    <test started-at="2025-07-26T13:55:58 IST" name="Test-chrome" finished-at="2025-07-26T13:56:07 IST" duration-ms="8358">
      <class name="testCase.TC001_Verify_AccountRegistration">
        <test-method is-config="true" signature="Setup(java.lang.String,java.lang.String)[pri:0, instance:testCase.TC001_Verify_AccountRegistration@609cd4d8]" started-at="2025-07-26T13:55:58 IST" name="Setup" finished-at="2025-07-26T13:56:01 IST" duration-ms="2851" status="PASS">
          <params>
            <param index="0">
              <value>
                <![CDATA[linux]]>
              </value>
            </param>
            <param index="1">
              <value>
                <![CDATA[chrome]]>
              </value>
            </param>
          </params>
          <reporter-output>
          </reporter-output>
        </test-method> <!-- Setup -->
        <test-method signature="Account_Regi()[pri:0, instance:testCase.TC001_Verify_AccountRegistration@609cd4d8]" started-at="2025-07-26T13:56:01 IST" name="Account_Regi" finished-at="2025-07-26T13:56:04 IST" duration-ms="2277" status="PASS">
          <reporter-output>
          </reporter-output>
        </test-method> <!-- Account_Regi -->
        <test-method is-config="true" signature="tearDown()[pri:0, instance:testCase.TC001_Verify_AccountRegistration@609cd4d8]" started-at="2025-07-26T13:56:04 IST" name="tearDown" finished-at="2025-07-26T13:56:04 IST" duration-ms="93" status="PASS">
          <reporter-output>
          </reporter-output>
        </test-method> <!-- tearDown -->
      </class> <!-- testCase.TC001_Verify_AccountRegistration -->
      <class name="testCase.TC002_LoginTest">
        <test-method is-config="true" signature="Setup(java.lang.String,java.lang.String)[pri:0, instance:testCase.TC002_LoginTest@17f7cd29]" started-at="2025-07-26T13:56:04 IST" name="Setup" finished-at="2025-07-26T13:56:05 IST" duration-ms="1576" status="PASS">
          <params>
            <param index="0">
              <value>
                <![CDATA[linux]]>
              </value>
            </param>
            <param index="1">
              <value>
                <![CDATA[chrome]]>
              </value>
            </param>
          </params>
          <reporter-output>
          </reporter-output>
        </test-method> <!-- Setup -->
        <test-method signature="Verify_login_functionality()[pri:0, instance:testCase.TC002_LoginTest@17f7cd29]" started-at="2025-07-26T13:56:05 IST" name="Verify_login_functionality" finished-at="2025-07-26T13:56:07 IST" duration-ms="1466" status="PASS">
          <reporter-output>
          </reporter-output>
        </test-method> <!-- Verify_login_functionality -->
        <test-method is-config="true" signature="tearDown()[pri:0, instance:testCase.TC002_LoginTest@17f7cd29]" started-at="2025-07-26T13:56:07 IST" name="tearDown" finished-at="2025-07-26T13:56:07 IST" duration-ms="87" status="PASS">
          <reporter-output>
          </reporter-output>
        </test-method> <!-- tearDown -->
      </class> <!-- testCase.TC002_LoginTest -->
    </test> <!-- Test-chrome -->
  </suite> <!-- Suite -->
</testng-results>
